<?xml version="1.0" encoding="UTF-8"?>
<!-- Generated by org.testng.reporters.JUnitReportReporter -->
<testsuite hostname="DESKTOP-IRDI2KI" failures="0" tests="1" name="com.obsqura.tests.ManageLocationTest" time="14.547" errors="0" timestamp="2023-09-19T21:29:39 IST" skipped="0">
  <testcase classname="com.obsqura.tests.ManageLocationTest" name="MyManageLocationTest" time="14.547"/>
  <system-out/>
</testsuite> <!-- com.obsqura.tests.ManageLocationTest -->
