<?xml version="1.0" encoding="UTF-8"?>
<!-- Generated by org.testng.reporters.JUnitReportReporter -->
<testsuite hostname="DESKTOP-IRDI2KI" failures="0" tests="1" name="com.obsqura.tests.ManagePaymentTest" time="11.686" errors="0" timestamp="2023-09-19T21:29:39 IST" skipped="0">
  <testcase classname="com.obsqura.tests.ManagePaymentTest" name="MyManagePayment" time="11.686"/>
  <system-out/>
</testsuite> <!-- com.obsqura.tests.ManagePaymentTest -->
