<?xml version="1.0" encoding="UTF-8"?>
<!-- Generated by org.testng.reporters.JUnitReportReporter -->
<testsuite hostname="DESKTOP-IRDI2KI" failures="0" tests="1" name="com.obsqura.tests.MobileSliderTest" time="7.839" errors="0" timestamp="2023-09-19T21:29:39 IST" skipped="0">
  <testcase classname="com.obsqura.tests.MobileSliderTest" name="MyMobileSlider" time="7.839"/>
  <system-out/>
</testsuite> <!-- com.obsqura.tests.MobileSliderTest -->
