<?xml version="1.0" encoding="UTF-8"?>
<!-- Generated by org.testng.reporters.JUnitReportReporter -->
<testsuite hostname="DESKTOP-IRDI2KI" failures="0" tests="2" name="com.obsqura.tests.CreateContact" time="58.911" errors="0" timestamp="2023-09-19T21:29:39 IST" skipped="0">
  <testcase classname="com.obsqura.tests.CreateContact" name="CreateContactTest" time="24.088"/>
  <system-out/>
  <testcase classname="com.obsqura.tests.CreateContact" name="CreateContactTest" time="34.823"/>
  <system-out/>
</testsuite> <!-- com.obsqura.tests.CreateContact -->
