<?xml version="1.0" encoding="UTF-8"?>
<!-- Generated by org.testng.reporters.JUnitReportReporter -->
<<<<<<< HEAD
<testsuite hostname="PQA-0591LT" failures="0" tests="1" name="com.obsqura.tests.LoginTest" time="11.495" errors="0" timestamp="2023-09-16T10:51:59 EDT" skipped="0">
  <testcase classname="com.obsqura.tests.LoginTest" name="MyLoginTest" time="11.495"/>
=======
<testsuite hostname="DESKTOP-IRDI2KI" failures="0" tests="1" name="com.obsqura.tests.LoginTest" time="15.063" errors="0" timestamp="2023-09-19T21:29:39 IST" skipped="0">
  <testcase classname="com.obsqura.tests.LoginTest" name="MyLoginTest" time="15.063"/>
>>>>>>> b96ebcb734998ab3b405267ddf5fc5575a35ee4f
  <system-out/>
</testsuite> <!-- com.obsqura.tests.LoginTest -->
