<?xml version="1.0" encoding="UTF-8"?>
<!-- Generated by org.testng.reporters.JUnitReportReporter -->
<testsuite hostname="PQA-0591LT" failures="0" tests="1" name="com.obsqura.tests.CreateandDeleteExpense" time="4.861" errors="0" timestamp="2023-08-24T22:04:57 EDT" skipped="0">
  <testcase classname="com.obsqura.tests.CreateandDeleteExpense" name="MyCreateDeleteExpense" time="4.861"/>
  <system-out/>
</testsuite> <!-- com.obsqura.tests.CreateandDeleteExpense -->
