<?xml version="1.0" encoding="UTF-8"?>
<!-- Generated by org.testng.reporters.JUnitReportReporter -->
<testsuite hostname="PQA-0591LT" failures="0" tests="1" name="com.obsqura.tests.LoginTest" time="7.791" errors="0" timestamp="2023-09-25T15:02:27 EDT" skipped="0">
  <testcase classname="com.obsqura.tests.LoginTest" name="MyLoginTest" time="7.791"/>
  <system-out/>
</testsuite> <!-- com.obsqura.tests.LoginTest -->
