<?xml version="1.0" encoding="UTF-8"?>
<!-- Generated by org.testng.reporters.JUnitReportReporter -->
<testsuite hostname="PQA-0591LT" failures="0" tests="1" name="com.obsqura.tests.MobileSliderTest" time="8.407" errors="0" timestamp="2023-09-25T14:38:09 EDT" skipped="0">
  <testcase classname="com.obsqura.tests.MobileSliderTest" name="MyMobileSlider" time="8.407"/>
  <system-out/>
</testsuite> <!-- com.obsqura.tests.MobileSliderTest -->
