<?xml version="1.0" encoding="UTF-8"?>
<!-- Generated by org.testng.reporters.JUnitReportReporter -->
<testsuite hostname="PQA-0591LT" failures="0" tests="1" name="com.obsqura.tests.CreateContact" time="13.219" errors="0" timestamp="2023-09-10T20:58:59 EDT" skipped="0">
  <testcase classname="com.obsqura.tests.CreateContact" name="CreateContactTest" time="13.219"/>
  <system-out/>
</testsuite> <!-- com.obsqura.tests.CreateContact -->
