<?xml version="1.0" encoding="UTF-8"?>
<!-- Generated by org.testng.reporters.JUnitReportReporter -->
<<<<<<< HEAD
<testsuite hostname="PQA-0591LT" failures="0" tests="1" name="com.obsqura.tests.CreateandDeleteExpense" time="10.290" errors="0" timestamp="2023-09-25T14:27:27 EDT" skipped="0">
  <testcase classname="com.obsqura.tests.CreateandDeleteExpense" name="MyCreateDeleteExpense" time="10.290"/>
=======
<testsuite hostname="DESKTOP-IRDI2KI" failures="0" tests="1" name="com.obsqura.tests.CreateandDeleteExpense" time="22.326" errors="0" timestamp="2023-09-19T21:29:39 IST" skipped="0">
  <testcase classname="com.obsqura.tests.CreateandDeleteExpense" name="MyCreateDeleteExpense" time="22.326"/>
>>>>>>> b96ebcb734998ab3b405267ddf5fc5575a35ee4f
  <system-out/>
</testsuite> <!-- com.obsqura.tests.CreateandDeleteExpense -->
