<?xml version="1.0" encoding="UTF-8"?>
<!-- Generated by org.testng.reporters.JUnitReportReporter -->
<testsuite hostname="PQA-0591LT" failures="0" tests="1" name="com.obsqura.tests.CreateandDeleteExpense" time="11.122" errors="0" timestamp="2023-09-10T12:42:11 EDT" skipped="0">
  <testcase classname="com.obsqura.tests.CreateandDeleteExpense" name="MyCreateDeleteExpense" time="11.122"/>
  <system-out/>
</testsuite> <!-- com.obsqura.tests.CreateandDeleteExpense -->
