<?xml version="1.0" encoding="UTF-8"?>
<!-- Generated by org.testng.reporters.JUnitReportReporter -->
<testsuite hostname="PQA-0591LT" failures="0" tests="1" name="com.obsqura.tests.LoginTest" time="1.413" errors="0" timestamp="2023-08-29T21:59:17 EDT" skipped="0">
  <testcase classname="com.obsqura.tests.LoginTest" name="MyLoginTest" time="1.413"/>
  <system-out/>
</testsuite> <!-- com.obsqura.tests.LoginTest -->
