<?xml version="1.0" encoding="UTF-8"?>
<!-- Generated by org.testng.reporters.JUnitReportReporter -->
<testsuite hostname="PQA-0591LT" failures="0" tests="1" name="com.obsqura.tests.SearchProductTest" time="4.849" errors="0" timestamp="2023-08-29T21:59:17 EDT" skipped="0">
  <testcase classname="com.obsqura.tests.SearchProductTest" name="MySearchProductTest" time="4.849"/>
  <system-out/>
</testsuite> <!-- com.obsqura.tests.SearchProductTest -->
