<?xml version="1.0" encoding="UTF-8"?>
<!-- Generated by org.testng.reporters.JUnitReportReporter -->
<testsuite hostname="PQA-0591LT" failures="0" tests="1" name="com.obsqura.tests.SearchProductTest" time="8.990" errors="0" timestamp="2023-09-25T15:02:27 EDT" skipped="0">
  <testcase classname="com.obsqura.tests.SearchProductTest" name="MySearchProductTest" time="8.990"/>
  <system-out/>
</testsuite> <!-- com.obsqura.tests.SearchProductTest -->
