<?xml version="1.0" encoding="UTF-8"?>
<!-- Generated by org.testng.reporters.JUnitReportReporter -->
<testsuite hostname="DESKTOP-IRDI2KI" failures="0" tests="1" name="com.obsqura.tests.ResetTest" time="6.548" errors="0" timestamp="2023-09-16T11:49:32 IST" skipped="0">
  <testcase classname="com.obsqura.tests.ResetTest" name="MyReset" time="6.548"/>
  <system-out/>
</testsuite> <!-- com.obsqura.tests.ResetTest -->
