<?xml version="1.0" encoding="UTF-8"?>
<!-- Generated by org.testng.reporters.JUnitReportReporter -->
<<<<<<< HEAD
<testsuite hostname="PQA-0591LT" failures="0" tests="1" name="com.obsqura.tests.CreateDeliveryBoy" time="18.210" errors="0" timestamp="2023-09-16T12:23:23 EDT" skipped="0">
  <testcase classname="com.obsqura.tests.CreateDeliveryBoy" name="CreateDeliveryBoyTest" time="18.210"/>
=======
<testsuite hostname="DESKTOP-IRDI2KI" failures="0" tests="1" name="com.obsqura.tests.CreateDeliveryBoy" time="11.237" errors="0" timestamp="2023-09-16T11:49:32 IST" skipped="0">
  <testcase classname="com.obsqura.tests.CreateDeliveryBoy" name="CreateDeliveryBoyTest" time="11.237"/>
>>>>>>> b96ebcb734998ab3b405267ddf5fc5575a35ee4f
  <system-out/>
</testsuite> <!-- com.obsqura.tests.CreateDeliveryBoy -->
