<?xml version="1.0" encoding="UTF-8"?>
<!-- Generated by org.testng.reporters.JUnitReportReporter -->
<testsuite hostname="DESKTOP-IRDI2KI" failures="0" tests="1" name="com.obsqura.tests.LoginTest" time="8.213" errors="0" timestamp="2023-09-16T11:49:32 IST" skipped="0">
  <testcase classname="com.obsqura.tests.LoginTest" name="MyLoginTest" time="8.213"/>
  <system-out/>
</testsuite> <!-- com.obsqura.tests.LoginTest -->
