<?xml version="1.0" encoding="UTF-8"?>
<!-- Generated by org.testng.reporters.JUnitReportReporter -->
<testsuite hostname="DESKTOP-IRDI2KI" failures="0" tests="2" name="com.obsqura.tests.CreateContact" time="29.150" errors="0" timestamp="2023-09-16T11:49:32 IST" skipped="0">
  <testcase classname="com.obsqura.tests.CreateContact" name="CreateContactTest" time="13.340"/>
  <system-out/>
  <testcase classname="com.obsqura.tests.CreateContact" name="CreateContactTest" time="15.810"/>
  <system-out/>
</testsuite> <!-- com.obsqura.tests.CreateContact -->
