<?xml version="1.0" encoding="UTF-8"?>
<!-- Generated by org.testng.reporters.JUnitReportReporter -->
<testsuite hostname="PQA-0591LT" failures="0" tests="1" name="com.obsqura.tests.CreateDeliveryBoy" time="9.450" errors="0" timestamp="2023-09-10T21:02:46 EDT" skipped="0">
  <testcase classname="com.obsqura.tests.CreateDeliveryBoy" name="CreateDeliveryBoyTest" time="9.450"/>
  <system-out/>
</testsuite> <!-- com.obsqura.tests.CreateDeliveryBoy -->
