<?xml version="1.0" encoding="UTF-8"?>
<!-- Generated by org.testng.reporters.JUnitReportReporter -->
<testsuite hostname="PQA-0591LT" failures="0" tests="1" name="com.obsqura.tests.LoginTest" time="2.607" errors="0" timestamp="2023-08-25T11:41:12 EDT" skipped="0">
  <testcase classname="com.obsqura.tests.LoginTest" name="MyLoginTest" time="2.607"/>
  <system-out/>
</testsuite> <!-- com.obsqura.tests.LoginTest -->
